{"contracts/Contracts/Implementation/ECTools.sol":{"l":{"11":20,"12":20,"13":20,"16":20,"17":0,"21":20,"28":20,"29":0,"33":20,"34":0,"36":20,"41":20,"42":20,"46":20,"47":20},"path":"/Users/desimiramitkova/Projects/IdentityProxy/contracts/Contracts/Implementation/ECTools.sol","s":{"1":20,"2":0,"3":20,"4":0,"5":20,"6":0,"7":20,"8":20,"9":20,"10":20,"11":20},"b":{"1":[0,20],"2":[0,20],"3":[0,20]},"f":{"1":20,"2":20,"3":20},"fnMap":{"1":{"name":"recover","line":10,"loc":{"start":{"line":10,"column":2},"end":{"line":10,"column":94}}},"2":{"name":"toEthereumSignedMessage","line":40,"loc":{"start":{"line":40,"column":2},"end":{"line":40,"column":78}}},"3":{"name":"prefixedRecover","line":45,"loc":{"start":{"line":45,"column":2},"end":{"line":45,"column":81}}}},"statementMap":{"1":{"start":{"line":16,"column":4},"end":{"line":16,"column":482}},"2":{"start":{"line":17,"column":6},"end":{"line":17,"column":25}},"3":{"start":{"line":28,"column":4},"end":{"line":28,"column":847}},"4":{"start":{"line":29,"column":6},"end":{"line":29,"column":12}},"5":{"start":{"line":33,"column":4},"end":{"line":33,"column":946}},"6":{"start":{"line":34,"column":6},"end":{"line":34,"column":25}},"7":{"start":{"line":36,"column":6},"end":{"line":36,"column":48}},"8":{"start":{"line":41,"column":4},"end":{"line":41,"column":59}},"9":{"start":{"line":42,"column":4},"end":{"line":42,"column":34}},"10":{"start":{"line":46,"column":4},"end":{"line":46,"column":55}},"11":{"start":{"line":47,"column":4},"end":{"line":47,"column":37}}},"branchMap":{"1":{"line":16,"type":"if","locations":[{"start":{"line":16,"column":4},"end":{"line":16,"column":4}},{"start":{"line":16,"column":4},"end":{"line":16,"column":4}}]},"2":{"line":28,"type":"if","locations":[{"start":{"line":28,"column":4},"end":{"line":28,"column":4}},{"start":{"line":28,"column":4},"end":{"line":28,"column":4}}]},"3":{"line":33,"type":"if","locations":[{"start":{"line":33,"column":4},"end":{"line":33,"column":4}},{"start":{"line":33,"column":4},"end":{"line":33,"column":4}}]}}},"contracts/Contracts/Implementation/IdentityContract.sol":{"l":{"14":20,"18":4,"19":4,"20":4,"21":1,"22":1,"26":6,"27":6,"28":4,"32":3,"33":3,"37":1,"38":1,"42":4,"46":4,"61":1,"62":1,"63":1,"64":1,"65":1,"70":1,"72":1,"73":0,"74":0,"77":1,"78":1,"79":1},"path":"/Users/desimiramitkova/Projects/IdentityProxy/contracts/Contracts/Implementation/IdentityContract.sol","s":{"1":20,"2":4,"3":4,"4":4,"5":1,"6":6,"7":6,"8":3,"9":3,"10":1,"11":1,"12":4,"13":4,"14":1,"15":1,"16":1,"17":1,"18":1,"19":0,"20":0,"21":1,"22":1},"b":{"1":[1,3],"2":[4,2],"3":[1,0],"4":[1,0],"5":[0,1]},"f":{"1":9,"2":20,"3":4,"4":6,"5":3,"6":1,"7":4,"8":4,"9":1,"10":1},"fnMap":{"1":{"name":null,"line":11,"loc":{"start":{"line":11,"column":1},"end":{"line":11,"column":27}}},"2":{"name":"getSigner","line":13,"loc":{"start":{"line":13,"column":1},"end":{"line":13,"column":80}}},"3":{"name":"onlyValidSignature","line":17,"loc":{"start":{"line":17,"column":1},"end":{"line":17,"column":120}}},"4":{"name":"onlySigner","line":25,"loc":{"start":{"line":25,"column":1},"end":{"line":25,"column":59}}},"5":{"name":"addSigner","line":31,"loc":{"start":{"line":31,"column":1},"end":{"line":31,"column":118}}},"6":{"name":"removeSigner","line":36,"loc":{"start":{"line":36,"column":1},"end":{"line":36,"column":121}}},"7":{"name":"checkSigner","line":41,"loc":{"start":{"line":41,"column":1},"end":{"line":41,"column":64}}},"8":{"name":"getNonce","line":45,"loc":{"start":{"line":45,"column":1},"end":{"line":45,"column":50}}},"9":{"name":"execute","line":59,"loc":{"start":{"line":59,"column":1},"end":{"line":59,"column":213}}},"10":{"name":"rewardMsgSender","line":68,"loc":{"start":{"line":68,"column":1},"end":{"line":68,"column":65}}}},"statementMap":{"1":{"start":{"line":14,"column":2},"end":{"line":14,"column":42}},"2":{"start":{"line":18,"column":2},"end":{"line":18,"column":90}},"3":{"start":{"line":19,"column":2},"end":{"line":19,"column":56}},"4":{"start":{"line":20,"column":2},"end":{"line":20,"column":26}},"5":{"start":{"line":21,"column":2},"end":{"line":21,"column":41}},"6":{"start":{"line":26,"column":2},"end":{"line":26,"column":52}},"7":{"start":{"line":27,"column":2},"end":{"line":27,"column":26}},"8":{"start":{"line":32,"column":2},"end":{"line":32,"column":25}},"9":{"start":{"line":33,"column":2},"end":{"line":33,"column":30}},"10":{"start":{"line":37,"column":2},"end":{"line":37,"column":26}},"11":{"start":{"line":38,"column":2},"end":{"line":38,"column":32}},"12":{"start":{"line":42,"column":2},"end":{"line":42,"column":26}},"13":{"start":{"line":46,"column":2},"end":{"line":46,"column":14}},"14":{"start":{"line":62,"column":2},"end":{"line":62,"column":40}},"15":{"start":{"line":63,"column":2},"end":{"line":63,"column":88}},"16":{"start":{"line":64,"column":2},"end":{"line":64,"column":40}},"17":{"start":{"line":65,"column":2},"end":{"line":65,"column":13}},"18":{"start":{"line":72,"column":2},"end":{"line":72,"column":2608}},"19":{"start":{"line":73,"column":3},"end":{"line":73,"column":66}},"20":{"start":{"line":74,"column":3},"end":{"line":74,"column":14}},"21":{"start":{"line":78,"column":2},"end":{"line":78,"column":67}},"22":{"start":{"line":79,"column":2},"end":{"line":79,"column":13}}},"branchMap":{"1":{"line":20,"type":"if","locations":[{"start":{"line":20,"column":2},"end":{"line":20,"column":2}},{"start":{"line":20,"column":2},"end":{"line":20,"column":2}}]},"2":{"line":27,"type":"if","locations":[{"start":{"line":27,"column":2},"end":{"line":27,"column":2}},{"start":{"line":27,"column":2},"end":{"line":27,"column":2}}]},"3":{"line":62,"type":"if","locations":[{"start":{"line":62,"column":2},"end":{"line":62,"column":2}},{"start":{"line":62,"column":2},"end":{"line":62,"column":2}}]},"4":{"line":64,"type":"if","locations":[{"start":{"line":64,"column":2},"end":{"line":64,"column":2}},{"start":{"line":64,"column":2},"end":{"line":64,"column":2}}]},"5":{"line":72,"type":"if","locations":[{"start":{"line":72,"column":2},"end":{"line":72,"column":2}},{"start":{"line":72,"column":2},"end":{"line":72,"column":2}}]}}},"contracts/Contracts/Implementation/IIdentityContract.sol":{"l":{},"path":"/Users/desimiramitkova/Projects/IdentityProxy/contracts/Contracts/Implementation/IIdentityContract.sol","s":{},"b":{},"f":{},"fnMap":{},"statementMap":{},"branchMap":{}},"contracts/Contracts/Proxy/IdentityProxy.sol":{"l":{"10":27,"22":10,"24":10,"25":10,"26":10,"27":10,"28":10,"32":27},"path":"/Users/desimiramitkova/Projects/IdentityProxy/contracts/Contracts/Proxy/IdentityProxy.sol","s":{"1":27,"2":10,"3":10,"4":10,"5":10,"6":10,"7":10},"b":{"1":[10,0]},"f":{"1":27,"2":10,"3":27},"fnMap":{"1":{"name":null,"line":9,"loc":{"start":{"line":9,"column":4},"end":{"line":9,"column":28}}},"2":{"name":null,"line":21,"loc":{"start":{"line":21,"column":4},"end":{"line":21,"column":121}}},"3":{"name":"delegatedFwd","line":31,"loc":{"start":{"line":31,"column":4},"end":{"line":31,"column":63}}}},"statementMap":{"1":{"start":{"line":10,"column":8},"end":{"line":10,"column":53}},"2":{"start":{"line":22,"column":8},"end":{"line":22,"column":46}},"3":{"start":{"line":24,"column":8},"end":{"line":24,"column":118}},"4":{"start":{"line":25,"column":2},"end":{"line":25,"column":57}},"5":{"start":{"line":26,"column":2},"end":{"line":26,"column":41}},"6":{"start":{"line":27,"column":8},"end":{"line":27,"column":30}},"7":{"start":{"line":28,"column":8},"end":{"line":28,"column":27}}},"branchMap":{"1":{"line":26,"type":"if","locations":[{"start":{"line":26,"column":2},"end":{"line":26,"column":2}},{"start":{"line":26,"column":2},"end":{"line":26,"column":2}}]}}},"contracts/Contracts/Proxy/SharedStorage.sol":{"l":{},"path":"/Users/desimiramitkova/Projects/IdentityProxy/contracts/Contracts/Proxy/SharedStorage.sol","s":{},"b":{},"f":{},"fnMap":{},"statementMap":{},"branchMap":{}},"contracts/Contracts/Service/BillboardService.sol":{"l":{"9":0,"10":0,"14":1,"15":1,"16":1,"17":1},"path":"/Users/desimiramitkova/Projects/IdentityProxy/contracts/Contracts/Service/BillboardService.sol","s":{"1":0,"2":1,"3":1,"4":1,"5":1},"b":{"1":[0,0],"2":[1,0]},"f":{"1":0,"2":1},"fnMap":{"1":{"name":"onlyPositive","line":8,"loc":{"start":{"line":8,"column":4},"end":{"line":8,"column":41}}},"2":{"name":"buy","line":13,"loc":{"start":{"line":13,"column":4},"end":{"line":13,"column":46}}}},"statementMap":{"1":{"start":{"line":9,"column":8},"end":{"line":9,"column":53}},"2":{"start":{"line":14,"column":8},"end":{"line":14,"column":63}},"3":{"start":{"line":15,"column":8},"end":{"line":15,"column":34}},"4":{"start":{"line":16,"column":8},"end":{"line":16,"column":24}},"5":{"start":{"line":17,"column":8},"end":{"line":17,"column":24}}},"branchMap":{"1":{"line":9,"type":"if","locations":[{"start":{"line":9,"column":8},"end":{"line":9,"column":8}},{"start":{"line":9,"column":8},"end":{"line":9,"column":8}}]},"2":{"line":14,"type":"if","locations":[{"start":{"line":14,"column":8},"end":{"line":14,"column":8}},{"start":{"line":14,"column":8},"end":{"line":14,"column":8}}]}}}}